{"/run/media/dos/84BC2FE9BC2FD488/Learning/qa-auto-engineer-javascript-project-87/src/index.js": {"path":"/run/media/dos/84BC2FE9BC2FD488/Learning/qa-auto-engineer-javascript-project-87/src/index.js","statementMap":{"0":{"start":{"line":8,"column":18},"end":{"line":14,"column":1}},"1":{"start":{"line":9,"column":14},"end":{"line":9,"column":36}},"2":{"start":{"line":10,"column":2},"end":{"line":12,"column":3}},"3":{"start":{"line":11,"column":4},"end":{"line":11,"column":43}},"4":{"start":{"line":11,"column":24},"end":{"line":11,"column":43}},"5":{"start":{"line":13,"column":2},"end":{"line":13,"column":43}},"6":{"start":{"line":16,"column":17},"end":{"line":20,"column":1}},"7":{"start":{"line":17,"column":18},"end":{"line":17,"column":52}},"8":{"start":{"line":18,"column":17},"end":{"line":18,"column":36}},"9":{"start":{"line":19,"column":2},"end":{"line":19,"column":24}},"10":{"start":{"line":22,"column":15},"end":{"line":27,"column":1}},"11":{"start":{"line":29,"column":21},"end":{"line":54,"column":1}},"12":{"start":{"line":30,"column":16},"end":{"line":30,"column":34}},"13":{"start":{"line":31,"column":16},"end":{"line":31,"column":34}},"14":{"start":{"line":32,"column":18},"end":{"line":32,"column":60}},"15":{"start":{"line":34,"column":2},"end":{"line":53,"column":4}},"16":{"start":{"line":35,"column":17},"end":{"line":35,"column":42}},"17":{"start":{"line":36,"column":17},"end":{"line":36,"column":42}},"18":{"start":{"line":38,"column":4},"end":{"line":40,"column":5}},"19":{"start":{"line":39,"column":6},"end":{"line":39,"column":63}},"20":{"start":{"line":41,"column":4},"end":{"line":43,"column":5}},"21":{"start":{"line":42,"column":6},"end":{"line":42,"column":61}},"22":{"start":{"line":44,"column":4},"end":{"line":51,"column":5}},"23":{"start":{"line":45,"column":6},"end":{"line":50,"column":7}},"24":{"start":{"line":52,"column":4},"end":{"line":52,"column":63}},"25":{"start":{"line":56,"column":20},"end":{"line":73,"column":1}},"26":{"start":{"line":57,"column":2},"end":{"line":59,"column":3}},"27":{"start":{"line":58,"column":4},"end":{"line":58,"column":17}},"28":{"start":{"line":60,"column":2},"end":{"line":62,"column":3}},"29":{"start":{"line":61,"column":4},"end":{"line":61,"column":22}},"30":{"start":{"line":63,"column":2},"end":{"line":65,"column":3}},"31":{"start":{"line":64,"column":4},"end":{"line":64,"column":28}},"32":{"start":{"line":66,"column":2},"end":{"line":68,"column":3}},"33":{"start":{"line":67,"column":4},"end":{"line":67,"column":16}},"34":{"start":{"line":69,"column":2},"end":{"line":71,"column":3}},"35":{"start":{"line":70,"column":4},"end":{"line":70,"column":16}},"36":{"start":{"line":72,"column":2},"end":{"line":72,"column":29}},"37":{"start":{"line":75,"column":22},"end":{"line":94,"column":1}},"38":{"start":{"line":76,"column":16},"end":{"line":91,"column":4}},"39":{"start":{"line":77,"column":28},"end":{"line":77,"column":32}},"40":{"start":{"line":79,"column":4},"end":{"line":81,"column":5}},"41":{"start":{"line":80,"column":6},"end":{"line":80,"column":53}},"42":{"start":{"line":82,"column":4},"end":{"line":84,"column":5}},"43":{"start":{"line":83,"column":6},"end":{"line":83,"column":53}},"44":{"start":{"line":85,"column":4},"end":{"line":89,"column":5}},"45":{"start":{"line":86,"column":20},"end":{"line":86,"column":61}},"46":{"start":{"line":87,"column":20},"end":{"line":87,"column":61}},"47":{"start":{"line":88,"column":6},"end":{"line":88,"column":33}},"48":{"start":{"line":90,"column":4},"end":{"line":90,"column":51}},"49":{"start":{"line":93,"column":2},"end":{"line":93,"column":36}},"50":{"start":{"line":97,"column":16},"end":{"line":97,"column":35}},"51":{"start":{"line":98,"column":16},"end":{"line":98,"column":35}},"52":{"start":{"line":100,"column":19},"end":{"line":100,"column":45}},"53":{"start":{"line":101,"column":2},"end":{"line":101,"column":32}}},"fnMap":{"0":{"name":"(anonymous_0)","decl":{"start":{"line":8,"column":18},"end":{"line":8,"column":19}},"loc":{"start":{"line":8,"column":32},"end":{"line":14,"column":1}},"line":8},"1":{"name":"(anonymous_1)","decl":{"start":{"line":11,"column":11},"end":{"line":11,"column":12}},"loc":{"start":{"line":11,"column":24},"end":{"line":11,"column":43}},"line":11},"2":{"name":"(anonymous_2)","decl":{"start":{"line":16,"column":17},"end":{"line":16,"column":18}},"loc":{"start":{"line":16,"column":31},"end":{"line":20,"column":1}},"line":16},"3":{"name":"(anonymous_3)","decl":{"start":{"line":29,"column":21},"end":{"line":29,"column":22}},"loc":{"start":{"line":29,"column":39},"end":{"line":54,"column":1}},"line":29},"4":{"name":"(anonymous_4)","decl":{"start":{"line":34,"column":21},"end":{"line":34,"column":22}},"loc":{"start":{"line":34,"column":30},"end":{"line":53,"column":3}},"line":34},"5":{"name":"(anonymous_5)","decl":{"start":{"line":56,"column":20},"end":{"line":56,"column":21}},"loc":{"start":{"line":56,"column":31},"end":{"line":73,"column":1}},"line":56},"6":{"name":"(anonymous_6)","decl":{"start":{"line":75,"column":22},"end":{"line":75,"column":23}},"loc":{"start":{"line":75,"column":32},"end":{"line":94,"column":1}},"line":75},"7":{"name":"(anonymous_7)","decl":{"start":{"line":76,"column":25},"end":{"line":76,"column":26}},"loc":{"start":{"line":76,"column":35},"end":{"line":91,"column":3}},"line":76},"8":{"name":"(anonymous_8)","decl":{"start":{"line":96,"column":15},"end":{"line":96,"column":16}},"loc":{"start":{"line":96,"column":41},"end":{"line":102,"column":1}},"line":96}},"branchMap":{"0":{"loc":{"start":{"line":10,"column":2},"end":{"line":12,"column":3}},"type":"if","locations":[{"start":{"line":10,"column":2},"end":{"line":12,"column":3}},{"start":{},"end":{}}],"line":10},"1":{"loc":{"start":{"line":38,"column":4},"end":{"line":40,"column":5}},"type":"if","locations":[{"start":{"line":38,"column":4},"end":{"line":40,"column":5}},{"start":{},"end":{}}],"line":38},"2":{"loc":{"start":{"line":41,"column":4},"end":{"line":43,"column":5}},"type":"if","locations":[{"start":{"line":41,"column":4},"end":{"line":43,"column":5}},{"start":{},"end":{}}],"line":41},"3":{"loc":{"start":{"line":44,"column":4},"end":{"line":51,"column":5}},"type":"if","locations":[{"start":{"line":44,"column":4},"end":{"line":51,"column":5}},{"start":{},"end":{}}],"line":44},"4":{"loc":{"start":{"line":57,"column":2},"end":{"line":59,"column":3}},"type":"if","locations":[{"start":{"line":57,"column":2},"end":{"line":59,"column":3}},{"start":{},"end":{}}],"line":57},"5":{"loc":{"start":{"line":60,"column":2},"end":{"line":62,"column":3}},"type":"if","locations":[{"start":{"line":60,"column":2},"end":{"line":62,"column":3}},{"start":{},"end":{}}],"line":60},"6":{"loc":{"start":{"line":63,"column":2},"end":{"line":65,"column":3}},"type":"if","locations":[{"start":{"line":63,"column":2},"end":{"line":65,"column":3}},{"start":{},"end":{}}],"line":63},"7":{"loc":{"start":{"line":66,"column":2},"end":{"line":68,"column":3}},"type":"if","locations":[{"start":{"line":66,"column":2},"end":{"line":68,"column":3}},{"start":{},"end":{}}],"line":66},"8":{"loc":{"start":{"line":69,"column":2},"end":{"line":71,"column":3}},"type":"if","locations":[{"start":{"line":69,"column":2},"end":{"line":71,"column":3}},{"start":{},"end":{}}],"line":69},"9":{"loc":{"start":{"line":79,"column":4},"end":{"line":81,"column":5}},"type":"if","locations":[{"start":{"line":79,"column":4},"end":{"line":81,"column":5}},{"start":{},"end":{}}],"line":79},"10":{"loc":{"start":{"line":82,"column":4},"end":{"line":84,"column":5}},"type":"if","locations":[{"start":{"line":82,"column":4},"end":{"line":84,"column":5}},{"start":{},"end":{}}],"line":82},"11":{"loc":{"start":{"line":85,"column":4},"end":{"line":89,"column":5}},"type":"if","locations":[{"start":{"line":85,"column":4},"end":{"line":89,"column":5}},{"start":{},"end":{}}],"line":85}},"s":{"0":1,"1":2,"2":2,"3":2,"4":2,"5":0,"6":1,"7":2,"8":2,"9":2,"10":1,"11":1,"12":1,"13":1,"14":1,"15":1,"16":5,"17":5,"18":5,"19":2,"20":3,"21":1,"22":2,"23":1,"24":1,"25":1,"26":6,"27":0,"28":6,"29":0,"30":6,"31":0,"32":6,"33":2,"34":4,"35":2,"36":2,"37":1,"38":1,"39":5,"40":5,"41":1,"42":4,"43":2,"44":2,"45":1,"46":1,"47":1,"48":1,"49":1,"50":1,"51":1,"52":1,"53":1},"f":{"0":2,"1":2,"2":2,"3":1,"4":5,"5":6,"6":1,"7":5,"8":1},"b":{"0":[2,0],"1":[2,3],"2":[1,2],"3":[1,1],"4":[0,6],"5":[0,6],"6":[0,6],"7":[2,4],"8":[2,2],"9":[1,4],"10":[2,2],"11":[1,1]},"inputSourceMap":null,"_coverageSchema":"1a1c01bbd47fc00a2c39e90264f33305004495a9","hash":"f4f02a5d32e1ba427823da28cce693be6a8406fc"}
}
