TN:
SF:src/index.js
FN:8,(anonymous_0)
FN:11,(anonymous_1)
FN:16,(anonymous_2)
FN:29,(anonymous_3)
FN:34,(anonymous_4)
FN:56,(anonymous_5)
FN:75,(anonymous_6)
FN:76,(anonymous_7)
FN:96,(anonymous_8)
FNF:9
FNH:9
FNDA:2,(anonymous_0)
FNDA:2,(anonymous_1)
FNDA:2,(anonymous_2)
FNDA:1,(anonymous_3)
FNDA:5,(anonymous_4)
FNDA:6,(anonymous_5)
FNDA:1,(anonymous_6)
FNDA:5,(anonymous_7)
FNDA:1,(anonymous_8)
DA:8,1
DA:9,2
DA:10,2
DA:11,2
DA:13,0
DA:16,1
DA:17,2
DA:18,2
DA:19,2
DA:22,1
DA:29,1
DA:30,1
DA:31,1
DA:32,1
DA:34,1
DA:35,5
DA:36,5
DA:38,5
DA:39,2
DA:41,3
DA:42,1
DA:44,2
DA:45,1
DA:52,1
DA:56,1
DA:57,6
DA:58,0
DA:60,6
DA:61,0
DA:63,6
DA:64,0
DA:66,6
DA:67,2
DA:69,4
DA:70,2
DA:72,2
DA:75,1
DA:76,1
DA:77,5
DA:79,5
DA:80,1
DA:82,4
DA:83,2
DA:85,2
DA:86,1
DA:87,1
DA:88,1
DA:90,1
DA:93,1
DA:97,1
DA:98,1
DA:100,1
DA:101,1
LF:53
LH:49
BRDA:10,0,0,2
BRDA:10,0,1,0
BRDA:38,1,0,2
BRDA:38,1,1,3
BRDA:41,2,0,1
BRDA:41,2,1,2
BRDA:44,3,0,1
BRDA:44,3,1,1
BRDA:57,4,0,0
BRDA:57,4,1,6
BRDA:60,5,0,0
BRDA:60,5,1,6
BRDA:63,6,0,0
BRDA:63,6,1,6
BRDA:66,7,0,2
BRDA:66,7,1,4
BRDA:69,8,0,2
BRDA:69,8,1,2
BRDA:79,9,0,1
BRDA:79,9,1,4
BRDA:82,10,0,2
BRDA:82,10,1,2
BRDA:85,11,0,1
BRDA:85,11,1,1
BRF:24
BRH:20
end_of_record
